<?xml version="1.0" encoding="UTF-8"?>
<!-- Generated by org.testng.reporters.JUnitReportReporter -->
<testsuite hostname="Pratik" failures="0" tests="1" name="com.SkillioProject.CSSLoginTestCases" time="34.483" errors="0" timestamp="2025-05-12T15:57:14 IST" skipped="0">
  <testcase classname="com.SkillioProject.CSSLoginTestCases" name="toVerifySuccessfulLoginWithKeywordDriven" time="34.483"/>
</testsuite> <!-- com.SkillioProject.CSSLoginTestCases -->
