<?xml version="1.0" encoding="UTF-8"?>
<!-- Generated by org.testng.reporters.JUnitReportReporter -->
<testsuite hostname="Pratik" failures="0" tests="1" name="com.PageObjectModelTestCases.LoginPageTC" time="31.321" errors="0" timestamp="2025-05-12T22:36:11 IST" skipped="0">
  <testcase classname="com.PageObjectModelTestCases.LoginPageTC" name="toVerifySuccessfulLogin" time="31.321"/>
</testsuite> <!-- com.PageObjectModelTestCases.LoginPageTC -->
