<?xml version="1.0" encoding="UTF-8"?>
<!-- Generated by org.testng.reporters.JUnitReportReporter -->
<testsuite hostname="Pratik" failures="0" tests="1" name="com.SkillioProject.LoginPageTestCases" time="13.706" errors="0" timestamp="2025-05-11T12:18:40 IST" skipped="0">
  <testcase classname="com.SkillioProject.LoginPageTestCases" name="toVerifySuccessfullLogin" time="13.706"/>
</testsuite> <!-- com.SkillioProject.LoginPageTestCases -->
