<?xml version="1.0" encoding="UTF-8"?>
<!-- Generated by org.testng.reporters.JUnitReportReporter -->
<testsuite hostname="Pratik" failures="0" tests="2" name="com.SkillioProject.KeywordDrivenLoginTestCases" time="12.750" errors="0" timestamp="2025-05-12T13:44:49 IST" skipped="1">
  <testcase classname="com.SkillioProject.KeywordDrivenLoginTestCases" name="toVerifyLoginWithInvalidCredPropertyFile" time="12.750"/>
  <testcase classname="com.SkillioProject.KeywordDrivenLoginTestCases" name="toVerifyLoginWithInvalidCredentials">
    <skipped/>
  </testcase> <!-- toVerifyLoginWithInvalidCredentials -->
</testsuite> <!-- com.SkillioProject.KeywordDrivenLoginTestCases -->
